<?xml version="1.0" encoding="UTF-8"?>
<testsuites>
  <testsuite name="fastlane.lanes">
    
    
    
      
      <testcase classname="fastlane.lanes" name="0: default_platform" time="0.0030607">
        
      </testcase>
    
      
      <testcase classname="fastlane.lanes" name="1: clean assembleDebug" time="7.309395">
        
          <failure message="C:/Ruby31-x64/lib/ruby/gems/3.1.0/gems/fastlane-2.211.0/fastlane/lib/fastlane/actions/actions_helper.rb:67:in `execute_action&apos;&#10;C:/Ruby31-x64/lib/ruby/gems/3.1.0/gems/fastlane-2.211.0/fastlane/lib/fastlane/runner.rb:255:in `block in execute_action&apos;&#10;C:/Ruby31-x64/lib/ruby/gems/3.1.0/gems/fastlane-2.211.0/fastlane/lib/fastlane/runner.rb:229:in `chdir&apos;&#10;C:/Ruby31-x64/lib/ruby/gems/3.1.0/gems/fastlane-2.211.0/fastlane/lib/fastlane/runner.rb:229:in `execute_action&apos;&#10;C:/Ruby31-x64/lib/ruby/gems/3.1.0/gems/fastlane-2.211.0/fastlane/lib/fastlane/runner.rb:157:in `trigger_action_by_name&apos;&#10;C:/Ruby31-x64/lib/ruby/gems/3.1.0/gems/fastlane-2.211.0/fastlane/lib/fastlane/fast_file.rb:159:in `method_missing&apos;&#10;Fastfile:26:in `block (2 levels) in parsing_binding&apos;&#10;C:/Ruby31-x64/lib/ruby/gems/3.1.0/gems/fastlane-2.211.0/fastlane/lib/fastlane/lane.rb:33:in `call&apos;&#10;C:/Ruby31-x64/lib/ruby/gems/3.1.0/gems/fastlane-2.211.0/fastlane/lib/fastlane/runner.rb:49:in `block in execute&apos;&#10;C:/Ruby31-x64/lib/ruby/gems/3.1.0/gems/fastlane-2.211.0/fastlane/lib/fastlane/runner.rb:45:in `chdir&apos;&#10;C:/Ruby31-x64/lib/ruby/gems/3.1.0/gems/fastlane-2.211.0/fastlane/lib/fastlane/runner.rb:45:in `execute&apos;&#10;C:/Ruby31-x64/lib/ruby/gems/3.1.0/gems/fastlane-2.211.0/fastlane/lib/fastlane/lane_manager.rb:47:in `cruise_lane&apos;&#10;C:/Ruby31-x64/lib/ruby/gems/3.1.0/gems/fastlane-2.211.0/fastlane/lib/fastlane/command_line_handler.rb:36:in `handle&apos;&#10;C:/Ruby31-x64/lib/ruby/gems/3.1.0/gems/fastlane-2.211.0/fastlane/lib/fastlane/commands_generator.rb:110:in `block (2 levels) in run&apos;&#10;C:/Ruby31-x64/lib/ruby/gems/3.1.0/gems/commander-4.6.0/lib/commander/command.rb:187:in `call&apos;&#10;C:/Ruby31-x64/lib/ruby/gems/3.1.0/gems/commander-4.6.0/lib/commander/command.rb:157:in `run&apos;&#10;C:/Ruby31-x64/lib/ruby/gems/3.1.0/gems/commander-4.6.0/lib/commander/runner.rb:444:in `run_active_command&apos;&#10;C:/Ruby31-x64/lib/ruby/gems/3.1.0/gems/fastlane-2.211.0/fastlane_core/lib/fastlane_core/ui/fastlane_runner.rb:124:in `run!&apos;&#10;C:/Ruby31-x64/lib/ruby/gems/3.1.0/gems/commander-4.6.0/lib/commander/delegates.rb:18:in `run!&apos;&#10;C:/Ruby31-x64/lib/ruby/gems/3.1.0/gems/fastlane-2.211.0/fastlane/lib/fastlane/commands_generator.rb:354:in `run&apos;&#10;C:/Ruby31-x64/lib/ruby/gems/3.1.0/gems/fastlane-2.211.0/fastlane/lib/fastlane/commands_generator.rb:43:in `start&apos;&#10;C:/Ruby31-x64/lib/ruby/gems/3.1.0/gems/fastlane-2.211.0/fastlane/lib/fastlane/cli_tools_distributor.rb:123:in `take_off&apos;&#10;C:/Ruby31-x64/lib/ruby/gems/3.1.0/gems/fastlane-2.211.0/bin/fastlane:23:in `&lt;top (required)&gt;&apos;&#10;C:/Ruby31-x64/bin/fastlane:25:in `load&apos;&#10;C:/Ruby31-x64/bin/fastlane:25:in `&lt;main&gt;&apos;&#10;&#10;Exit status of command &apos;D:/KULIAH/Skripsi/Tawar.in/gradlew clean assembleDebug -p .&apos; was 1 instead of 0.&#10;&gt; Task :clean UP-TO-DATE&#10;&gt; Task :app:clean&#10;&gt; Task :app:preBuild UP-TO-DATE&#10;&gt; Task :app:preDebugBuild UP-TO-DATE&#10;&gt; Task :app:mergeDebugNativeDebugMetadata NO-SOURCE&#10;&gt; Task :app:compileDebugAidl NO-SOURCE&#10;&gt; Task :app:compileDebugRenderscript NO-SOURCE&#10;&gt; Task :app:generateDebugBuildConfig&#10;&gt; Task :app:generateDebugResValues&#10;&gt; Task :app:generateDebugResources&#10;&gt; Task :app:checkDebugAarMetadata FAILED&#10;&gt; Task :app:mergeDebugResources&#10;&#10;FAILURE: Build failed with an exception.&#10;&#10;* What went wrong:&#10;Execution failed for task &apos;:app:checkDebugAarMetadata&apos;.&#10;&gt; A failure occurred while executing com.android.build.gradle.internal.tasks.CheckAarMetadataWorkAction&#10;   &gt; 6 issues were found when checking AAR metadata:&#10;     &#10;       1.  Dependency &apos;androidx.appcompat:appcompat-resources:1.6.0&apos; requires libraries and applications that&#10;           depend on it to compile against version 33 or later of the&#10;           Android APIs.&#10;     &#10;           :app is currently compiled against android-32.&#10;     &#10;           Also, the maximum recommended compile SDK version for Android Gradle&#10;           plugin 7.2.1 is 32.&#10;     &#10;           Recommended action: Update this project&apos;s version of the Android Gradle&#10;           plugin to one that supports 33, then update this project to use&#10;           compileSdkVerion of at least 33.&#10;     &#10;           Note that updating a library or application&apos;s compileSdkVersion (which&#10;           allows newer APIs to be used) can be done separately from updating&#10;           targetSdkVersion (which opts the app in to new runtime behavior) and&#10;           minSdkVersion (which determines which devices the app can be installed&#10;           on).&#10;     &#10;       2.  Dependency &apos;androidx.appcompat:appcompat:1.6.0&apos; requires libraries and applications that&#10;           depend on it to compile against version 33 or later of the&#10;           Android APIs.&#10;     &#10;           :app is currently compiled against android-32.&#10;     &#10;           Also, the maximum recommended compile SDK version for Android Gradle&#10;           plugin 7.2.1 is 32.&#10;     &#10;           Recommended action: Update this project&apos;s version of the Android Gradle&#10;           plugin to one that supports 33, then update this project to use&#10;           compileSdkVerion of at least 33.&#10;     &#10;           Note that updating a library or application&apos;s compileSdkVersion (which&#10;           allows newer APIs to be used) can be done separately from updating&#10;           targetSdkVersion (which opts the app in to new runtime behavior) and&#10;           minSdkVersion (which determines which devices the app can be installed&#10;           on).&#10;     &#10;       3.  Dependency &apos;androidx.activity:activity:1.6.0&apos; requires libraries and applications that&#10;           depend on it to compile against version 33 or later of the&#10;           Android APIs.&#10;     &#10;           :app is currently compiled against android-32.&#10;     &#10;           Also, the maximum recommended compile SDK version for Android Gradle&#10;           plugin 7.2.1 is 32.&#10;     &#10;           Recommended action: Update this project&apos;s version of the Android Gradle&#10;           plugin to one that supports 33, then update this project to use&#10;           compileSdkVerion of at least 33.&#10;     &#10;           Note that updating a library or application&apos;s compileSdkVersion (which&#10;           allows newer APIs to be used) can be done separately from updating&#10;           targetSdkVersion (which opts the app in to new runtime behavior) and&#10;           minSdkVersion (which determines which devices the app can be installed&#10;           on).&#10;     &#10;       4.  Dependency &apos;androidx.core:core:1.9.0&apos; requires libraries and applications that&#10;           depend on it to compile against version 33 or later of the&#10;           Android APIs.&#10;     &#10;           :app is currently compiled against android-32.&#10;     &#10;           Also, the maximum recommended compile SDK version for Android Gradle&#10;           plugin 7.2.1 is 32.&#10;     &#10;           Recommended action: Update this project&apos;s version of the Android Gradle&#10;           plugin to one that supports 33, then update this project to use&#10;           compileSdkVerion of at least 33.&#10;     &#10;           Note that updating a library or application&apos;s compileSdkVersion (which&#10;           allows newer APIs to be used) can be done separately from updating&#10;           targetSdkVersion (which opts the app in to new runtime behavior) and&#10;           minSdkVersion (which determines which devices the app can be installed&#10;           on).&#10;     &#10;       5.  Dependency &apos;androidx.core:core-ktx:1.9.0&apos; requires libraries and applications that&#10;           depend on it to compile against version 33 or later of the&#10;           Android APIs.&#10;     &#10;           :app is currently compiled against android-32.&#10;     &#10;           Also, the maximum recommended compile SDK version for Android Gradle&#10;           plugin 7.2.1 is 32.&#10;     &#10;           Recommended action: Update this project&apos;s version of the Android Gradle&#10;           plugin to one that supports 33, then update this project to use&#10;           compileSdkVerion of at least 33.&#10;     &#10;           Note that updating a library or application&apos;s compileSdkVersion (which&#10;           allows newer APIs to be used) can be done separately from updating&#10;           targetSdkVersion (which opts the app in to new runtime behavior) and&#10;           minSdkVersion (which determines which devices the app can be installed&#10;           on).&#10;     &#10;       6.  Dependency &apos;androidx.annotation:annotation-experimental:1.3.0&apos; requires libraries and applications that&#10;           depend on it to compile against version 33 or later of the&#10;           Android APIs.&#10;     &#10;           :app is currently compiled against android-32.&#10;     &#10;           Also, the maximum recommended compile SDK version for Android Gradle&#10;           plugin 7.2.1 is 32.&#10;     &#10;           Recommended action: Update this project&apos;s version of the Android Gradle&#10;           plugin to one that supports 33, then update this project to use&#10;           compileSdkVerion of at least 33.&#10;     &#10;           Note that updating a library or application&apos;s compileSdkVersion (which&#10;           allows newer APIs to be used) can be done separately from updating&#10;           targetSdkVersion (which opts the app in to new runtime behavior) and&#10;           minSdkVersion (which determines which devices the app can be installed&#10;           on).&#10;&#10;* Try:&#10;&gt; Run with --stacktrace option to get the stack trace.&#10;&gt; Run with --info or --debug option to get more log output.&#10;&gt; Run with --scan to get full insights.&#10;&#10;* Get more help at https://help.gradle.org&#10;&#10;BUILD FAILED in 6s&#10;6 actionable tasks: 5 executed, 1 up-to-date&#10;" />
        
      </testcase>
    
  </testsuite>
</testsuites>
